<?xml version="1.0" encoding="UTF-8"?>

<beans xmlns="http://www.springframework.org/schema/beans"
       xmlns:xsi="http://www.w3.org/2001/XMLSchema-instance"
       xmlns:context="http://www.springframework.org/schema/context"
       xmlns:jdbc="http://www.springframework.org/schema/jdbc"
       xmlns:tx="http://www.springframework.org/schema/tx"
       xmlns:jpa="http://www.springframework.org/schema/data/jpa"
       xmlns:oxm="http://www.springframework.org/schema/oxm"
       xsi:schemaLocation="http://www.springframework.org/schema/beans
        http://www.springframework.org/schema/beans/spring-beans-3.2.xsd
        http://www.springframework.org/schema/context
        http://www.springframework.org/schema/context/spring-context-3.2.xsd
        http://www.springframework.org/schema/jdbc
        http://www.springframework.org/schema/jdbc/spring-jdbc.xsd
        http://www.springframework.org/schema/tx
        http://www.springframework.org/schema/tx/spring-tx.xsd
        http://www.springframework.org/schema/oxm
        http://www.springframework.org/schema/oxm/spring-oxm-4.0.xsd
        http://www.springframework.org/schema/data/jpa
        http://www.springframework.org/schema/data/jpa/spring-jpa.xsd">

    <context:annotation-config/>
    <context:component-scan base-package="com.epam.hw1"/>

    <tx:annotation-driven transaction-manager="txManager"/>

    <bean id="txManager" class="org.springframework.jdbc.datasource.DataSourceTransactionManager">
        <property name="dataSource" ref="dataSource"/>
    </bean>

    <bean id="dataSource" class="org.springframework.jdbc.datasource.SimpleDriverDataSource">
        <property name="driverClass" value="org.h2.Driver"/>
        <property name="url" value="jdbc:h2:mem:test;MODE=MySQL;DB_CLOSE_DELAY=-1;DB_CLOSE_ON_EXIT=FALSE"/>
    </bean>

    <jdbc:initialize-database data-source="dataSource" ignore-failures="DROPS">
        <jdbc:script location="classpath:create-db.sql"/>
        <jdbc:script location="classpath:insert-data.sql"/>
    </jdbc:initialize-database>

    <bean id="namedParameterJdbcTemplate" class="org.springframework.jdbc.core.namedparam.NamedParameterJdbcTemplate">
        <constructor-arg name="dataSource"  ref="dataSource" />
    </bean>

    <bean id="jdbcTemplate" class="org.springframework.jdbc.core.JdbcTemplate">
        <constructor-arg name="dataSource"  ref="dataSource" />
    </bean>


    <oxm:jaxb2-marshaller id="unmarshaller">
        <oxm:class-to-be-bound name="com.epam.hw1.model.impl.TicketsBean"/>
        <oxm:class-to-be-bound name="com.epam.hw1.model.impl.TicketBean"/>
    </oxm:jaxb2-marshaller>




    <jpa:repositories base-package="com.epam.hw1"/>

    <!--<bean id="sessionFactory"-->
          <!--class="org.springframework.orm.hibernate4.LocalSessionFactoryBean">-->
        <!--<property name="dataSource" ref="dataSource" />-->
        <!--<property name="hibernateProperties">-->
            <!--<props>-->
                <!--<prop key="hibernate.hbm2ddl.auto">update</prop>-->
                <!--<prop key="hibernate.dialect">org.hibernate.dialect.MySQLDialect</prop>-->
            <!--</props>-->
        <!--</property>-->
    <!--</bean>-->

    <!-- Hibernate session factory -->
    <bean id="sessionFactory"
          class="org.springframework.orm.hibernate4.LocalSessionFactoryBean">
        <property name="dataSource" ref="dataSource" />
        <property name="packagesToScan" value="org.baeldung.spring.persistence.model" />
        <property name="annotatedClasses">
            <list>
                <value>UserBean</value>
            </list>
        </property>
        <property name="hibernateProperties">
            <props>
                <prop key="hibernate.dialect">
                    org.hibernate.dialect.MySQL5Dialect
                </prop>
                <prop key="hibernate.format_sql">true</prop>
                <prop key="hibernate.show_sql">true</prop>
            </props>
        </property>
    </bean>


    <!--<bean id="jpaVendorAdapter" class="org.springframework.orm.jpa.vendor.HibernateJpaVendorAdapter">-->
        <!--<property name="showSql" value="true"/>-->
        <!--<property name="generateDdl" value="true"/>-->
        <!--<property name="database" value="MYSQL"/>-->
    <!--</bean>-->

    <!--<bean id="entityManagerFactory" class="org.springframework.orm.jpa.LocalContainerEntityManagerFactoryBean">-->
        <!--<property name="dataSource" ref="dataSource"/>-->
        <!--<property name="jpaVendorAdapter" ref="jpaVendorAdapter"/>-->
        <!--&lt;!&ndash; spring based scanning for entity classes>&ndash;&gt;-->
        <!--<property name="packagesToScan" value="com.epam.hw1.model"/>-->
    <!--</bean>-->


    <!--<bean id="jpaVendorAdapter" class="org.springframework.orm.jpa.vendor.HibernateJpaVendorAdapter">-->
        <!--<property name="showSql" value="true"/>-->
        <!--<property name="generateDdl" value="true"/>-->
        <!--<property name="database" value="MYSQL"/>-->
    <!--</bean>-->

    <!--<bean id="entityManagerFactory" class="org.springframework.orm.jpa.LocalContainerEntityManagerFactoryBean">-->
        <!--<property name="dataSource" ref="dataSource"/>-->
        <!--<property name="jpaVendorAdapter" ref="jpaVendorAdapter"/>-->
        <!--&lt;!&ndash; spring based scanning for entity classes>&ndash;&gt;-->
        <!--<property name="packagesToScan" value="com.epam.hw1"/>-->
    <!--</bean>-->


</beans>
